<?xml version="1.0" encoding="UTF-8"?>
<testsuite name="NumbersTest" tests="1" skipped="0" failures="0" errors="0" timestamp="2023-02-02T06:12:18" hostname="PAS78" time="7.536">
  <properties/>
  <testcase name="start" classname="NumbersTest" time="7.536"/>
  <system-out><![CDATA[?[1;31m
Start test 1?[0m
Welcome to Amazing Numbers!

Supported requests:
- enter a natural number to know its properties;
- enter two natural numbers to obtain the properties of the list:
  * the first parameter represents a starting number;
  * the second parameters show how many consecutive numbers are to be processed;
- two natural numbers and two properties to search for;
- separate the parameters with one space;
- enter 0 to exit.

Enter a request: > 0

?[1;31m
Start test 2?[0m
Welcome to Amazing Numbers!

Supported requests:
- enter a natural number to know its properties;
- enter two natural numbers to obtain the properties of the list:
  * the first parameter represents a starting number;
  * the second parameters show how many consecutive numbers are to be processed;
- two natural numbers and two properties to search for;
- separate the parameters with one space;
- enter 0 to exit.

Enter a request: > -25

The first parameter should be a natural number or zero.

Enter a request: > 0

?[1;31m
Start test 3?[0m
Welcome to Amazing Numbers!

Supported requests:
- enter a natural number to know its properties;
- enter two natural numbers to obtain the properties of the list:
  * the first parameter represents a starting number;
  * the second parameters show how many consecutive numbers are to be processed;
- two natural numbers and two properties to search for;
- separate the parameters with one space;
- enter 0 to exit.

Enter a request: > -29

The first parameter should be a natural number or zero.

Enter a request: > 0

?[1;31m
Start test 4?[0m
Welcome to Amazing Numbers!

Supported requests:
- enter a natural number to know its properties;
- enter two natural numbers to obtain the properties of the list:
  * the first parameter represents a starting number;
  * the second parameters show how many consecutive numbers are to be processed;
- two natural numbers and two properties to search for;
- separate the parameters with one space;
- enter 0 to exit.

Enter a request: > -106

The first parameter should be a natural number or zero.

Enter a request: > 0

?[1;31m
Start test 5?[0m
Welcome to Amazing Numbers!

Supported requests:
- enter a natural number to know its properties;
- enter two natural numbers to obtain the properties of the list:
  * the first parameter represents a starting number;
  * the second parameters show how many consecutive numbers are to be processed;
- two natural numbers and two properties to search for;
- separate the parameters with one space;
- enter 0 to exit.

Enter a request: > -35

The first parameter should be a natural number or zero.

Enter a request: > 0

?[1;31m
Start test 6?[0m
Welcome to Amazing Numbers!

Supported requests:
- enter a natural number to know its properties;
- enter two natural numbers to obtain the properties of the list:
  * the first parameter represents a starting number;
  * the second parameters show how many consecutive numbers are to be processed;
- two natural numbers and two properties to search for;
- separate the parameters with one space;
- enter 0 to exit.

Enter a request: > -93

The first parameter should be a natural number or zero.

Enter a request: > 0

?[1;31m
Start test 7?[0m
Welcome to Amazing Numbers!

Supported requests:
- enter a natural number to know its properties;
- enter two natural numbers to obtain the properties of the list:
  * the first parameter represents a starting number;
  * the second parameters show how many consecutive numbers are to be processed;
- two natural numbers and two properties to search for;
- separate the parameters with one space;
- enter 0 to exit.

Enter a request: > 13105 -10880
The second parameter should be a natural number.

Enter a request: > 0

?[1;31m
Start test 8?[0m
Welcome to Amazing Numbers!

Supported requests:
- enter a natural number to know its properties;
- enter two natural numbers to obtain the properties of the list:
  * the first parameter represents a starting number;
  * the second parameters show how many consecutive numbers are to be processed;
- two natural numbers and two properties to search for;
- separate the parameters with one space;
- enter 0 to exit.

Enter a request: > 1493 -26387
The second parameter should be a natural number.

Enter a request: > 0

?[1;31m
Start test 9?[0m
Welcome to Amazing Numbers!

Supported requests:
- enter a natural number to know its properties;
- enter two natural numbers to obtain the properties of the list:
  * the first parameter represents a starting number;
  * the second parameters show how many consecutive numbers are to be processed;
- two natural numbers and two properties to search for;
- separate the parameters with one space;
- enter 0 to exit.

Enter a request: > 20428 -7163
The second parameter should be a natural number.

Enter a request: > 0

?[1;31m
Start test 10?[0m
Welcome to Amazing Numbers!

Supported requests:
- enter a natural number to know its properties;
- enter two natural numbers to obtain the properties of the list:
  * the first parameter represents a starting number;
  * the second parameters show how many consecutive numbers are to be processed;
- two natural numbers and two properties to search for;
- separate the parameters with one space;
- enter 0 to exit.

Enter a request: > 24393 -32281
The second parameter should be a natural number.

Enter a request: > 0

?[1;31m
Start test 11?[0m
Welcome to Amazing Numbers!

Supported requests:
- enter a natural number to know its properties;
- enter two natural numbers to obtain the properties of the list:
  * the first parameter represents a starting number;
  * the second parameters show how many consecutive numbers are to be processed;
- two natural numbers and two properties to search for;
- separate the parameters with one space;
- enter 0 to exit.

Enter a request: > 14509 -18971
The second parameter should be a natural number.

Enter a request: > 0

?[1;31m
Start test 12?[0m
Welcome to Amazing Numbers!

Supported requests:
- enter a natural number to know its properties;
- enter two natural numbers to obtain the properties of the list:
  * the first parameter represents a starting number;
  * the second parameters show how many consecutive numbers are to be processed;
- two natural numbers and two properties to search for;
- separate the parameters with one space;
- enter 0 to exit.

Enter a request: > 23786 -15649
The second parameter should be a natural number.

Enter a request: > 0

?[1;31m
Start test 13?[0m
Welcome to Amazing Numbers!

Supported requests:
- enter a natural number to know its properties;
- enter two natural numbers to obtain the properties of the list:
  * the first parameter represents a starting number;
  * the second parameters show how many consecutive numbers are to be processed;
- two natural numbers and two properties to search for;
- separate the parameters with one space;
- enter 0 to exit.

Enter a request: > 18907 -21338
The second parameter should be a natural number.

Enter a request: > 0

?[1;31m
Start test 14?[0m
Welcome to Amazing Numbers!

Supported requests:
- enter a natural number to know its properties;
- enter two natural numbers to obtain the properties of the list:
  * the first parameter represents a starting number;
  * the second parameters show how many consecutive numbers are to be processed;
- two natural numbers and two properties to search for;
- separate the parameters with one space;
- enter 0 to exit.

Enter a request: > 30789 -3821
The second parameter should be a natural number.

Enter a request: > 0

?[1;31m
Start test 15?[0m
Welcome to Amazing Numbers!

Supported requests:
- enter a natural number to know its properties;
- enter two natural numbers to obtain the properties of the list:
  * the first parameter represents a starting number;
  * the second parameters show how many consecutive numbers are to be processed;
- two natural numbers and two properties to search for;
- separate the parameters with one space;
- enter 0 to exit.

Enter a request: > 10431 -27196
The second parameter should be a natural number.

Enter a request: > 0

?[1;31m
Start test 16?[0m
Welcome to Amazing Numbers!

Supported requests:
- enter a natural number to know its properties;
- enter two natural numbers to obtain the properties of the list:
  * the first parameter represents a starting number;
  * the second parameters show how many consecutive numbers are to be processed;
- two natural numbers and two properties to search for;
- separate the parameters with one space;
- enter 0 to exit.

Enter a request: > 18867 -7368
The second parameter should be a natural number.

Enter a request: > 0

?[1;31m
Start test 17?[0m
Welcome to Amazing Numbers!

Supported requests:
- enter a natural number to know its properties;
- enter two natural numbers to obtain the properties of the list:
  * the first parameter represents a starting number;
  * the second parameters show how many consecutive numbers are to be processed;
- two natural numbers and two properties to search for;
- separate the parameters with one space;
- enter 0 to exit.

Enter a request: > 1

Properties of 1
	even: false
	odd: true
	buzz: false
	duck: false
	palindromic: true
	gapful: false
	spy: true
	sunny: false
	square: true

Enter a request: > 2

Properties of 2
	even: true
	odd: false
	buzz: false
	duck: false
	palindromic: true
	gapful: false
	spy: true
	sunny: false
	square: false

Enter a request: > 3

Properties of 3
	even: false
	odd: true
	buzz: false
	duck: false
	palindromic: true
	gapful: false
	spy: true
	sunny: true
	square: false

Enter a request: > 4

Properties of 4
	even: true
	odd: false
	buzz: false
	duck: false
	palindromic: true
	gapful: false
	spy: true
	sunny: false
	square: true

Enter a request: > 5

Properties of 5
	even: false
	odd: true
	buzz: false
	duck: false
	palindromic: true
	gapful: false
	spy: true
	sunny: false
	square: false

Enter a request: > 6

Properties of 6
	even: true
	odd: false
	buzz: false
	duck: false
	palindromic: true
	gapful: false
	spy: true
	sunny: false
	square: false

Enter a request: > 7

Properties of 7
	even: false
	odd: true
	buzz: true
	duck: false
	palindromic: true
	gapful: false
	spy: true
	sunny: false
	square: false

Enter a request: > 8

Properties of 8
	even: true
	odd: false
	buzz: false
	duck: false
	palindromic: true
	gapful: false
	spy: true
	sunny: true
	square: false

Enter a request: > 9

Properties of 9
	even: false
	odd: true
	buzz: false
	duck: false
	palindromic: true
	gapful: false
	spy: true
	sunny: false
	square: true

Enter a request: > 10

Properties of 10
	even: true
	odd: false
	buzz: false
	duck: true
	palindromic: false
	gapful: false
	spy: false
	sunny: false
	square: false

Enter a request: > 11

Properties of 11
	even: false
	odd: true
	buzz: false
	duck: false
	palindromic: true
	gapful: false
	spy: false
	sunny: false
	square: false

Enter a request: > 12

Properties of 12
	even: true
	odd: false
	buzz: false
	duck: false
	palindromic: false
	gapful: false
	spy: false
	sunny: false
	square: false

Enter a request: > 13

Properties of 13
	even: false
	odd: true
	buzz: false
	duck: false
	palindromic: false
	gapful: false
	spy: false
	sunny: false
	square: false

Enter a request: > 14

Properties of 14
	even: true
	odd: false
	buzz: true
	duck: false
	palindromic: false
	gapful: false
	spy: false
	sunny: false
	square: false

Enter a request: > 1942685627744910888

Properties of 1942685627744910888
	even: true
	odd: false
	buzz: true
	duck: true
	palindromic: false
	gapful: true
	spy: false
	sunny: false
	square: false

Enter a request: > 8634666658751815473

Properties of 8634666658751815473
	even: false
	odd: true
	buzz: false
	duck: false
	palindromic: false
	gapful: false
	spy: false
	sunny: false
	square: false

Enter a request: > 421515640299203733

Properties of 421515640299203733
	even: false
	odd: true
	buzz: false
	duck: true
	palindromic: false
	gapful: false
	spy: false
	sunny: false
	square: false

Enter a request: > 3770923241242630801

Properties of 3770923241242630801
	even: false
	odd: true
	buzz: false
	duck: true
	palindromic: false
	gapful: false
	spy: false
	sunny: false
	square: false

Enter a request: > 7183487162289160482

Properties of 7183487162289160482
	even: true
	odd: false
	buzz: false
	duck: true
	palindromic: false
	gapful: false
	spy: false
	sunny: false
	square: false

Enter a request: > 2496063904136842568

Properties of 2496063904136842568
	even: true
	odd: false
	buzz: false
	duck: true
	palindromic: false
	gapful: false
	spy: false
	sunny: false
	square: false

Enter a request: > 2410637428708910687

Properties of 2410637428708910687
	even: false
	odd: true
	buzz: true
	duck: true
	palindromic: false
	gapful: false
	spy: false
	sunny: false
	square: false

Enter a request: > 6697659266078342368

Properties of 6697659266078342368
	even: true
	odd: false
	buzz: false
	duck: true
	palindromic: false
	gapful: false
	spy: false
	sunny: false
	square: false

Enter a request: > 5938585335475022336

Properties of 5938585335475022336
	even: true
	odd: false
	buzz: false
	duck: true
	palindromic: false
	gapful: false
	spy: false
	sunny: false
	square: false

Enter a request: > 2167265320728303297

Properties of 2167265320728303297
	even: false
	odd: true
	buzz: true
	duck: true
	palindromic: false
	gapful: false
	spy: false
	sunny: false
	square: false

Enter a request: > 0

?[1;31m
Start test 18?[0m
Welcome to Amazing Numbers!

Supported requests:
- enter a natural number to know its properties;
- enter two natural numbers to obtain the properties of the list:
  * the first parameter represents a starting number;
  * the second parameters show how many consecutive numbers are to be processed;
- two natural numbers and two properties to search for;
- separate the parameters with one space;
- enter 0 to exit.

Enter a request: > 1 15
1 is odd, square, palindromic, spy
2 is even, palindromic, spy
3 is odd, sunny, palindromic, spy
4 is even, square, palindromic, spy
5 is odd, palindromic, spy
6 is even, palindromic, spy
7 is buzz, odd, palindromic, spy
8 is even, sunny, palindromic, spy
9 is odd, square, palindromic, spy
10 is duck, even
11 is odd, palindromic
12 is even
13 is odd
14 is buzz, even
15 is odd, sunny

Enter a request: > 0

?[1;31m
Start test 19?[0m
Welcome to Amazing Numbers!

Supported requests:
- enter a natural number to know its properties;
- enter two natural numbers to obtain the properties of the list:
  * the first parameter represents a starting number;
  * the second parameters show how many consecutive numbers are to be processed;
- two natural numbers and two properties to search for;
- separate the parameters with one space;
- enter 0 to exit.

Enter a request: > 8266424101318980099 18
8266424101318980099 is duck, odd
8266424101318980100 is buzz, duck, even
8266424101318980101 is duck, odd
8266424101318980102 is duck, even
8266424101318980103 is duck, odd
8266424101318980104 is duck, even
8266424101318980105 is duck, odd
8266424101318980106 is duck, even
8266424101318980107 is buzz, duck, odd
8266424101318980108 is duck, even
8266424101318980109 is duck, odd
8266424101318980110 is duck, even
8266424101318980111 is duck, odd
8266424101318980112 is duck, even
8266424101318980113 is duck, odd
8266424101318980114 is buzz, duck, even
8266424101318980115 is duck, odd
8266424101318980116 is duck, even

Enter a request: > 0

?[1;31m
Start test 20?[0m
Welcome to Amazing Numbers!

Supported requests:
- enter a natural number to know its properties;
- enter two natural numbers to obtain the properties of the list:
  * the first parameter represents a starting number;
  * the second parameters show how many consecutive numbers are to be processed;
- two natural numbers and two properties to search for;
- separate the parameters with one space;
- enter 0 to exit.

Enter a request: > 6812920690778391861 16
6812920690778391861 is buzz, duck, odd
6812920690778391862 is duck, even
6812920690778391863 is duck, odd
6812920690778391864 is duck, even
6812920690778391865 is duck, gapful, odd
6812920690778391866 is duck, even
6812920690778391867 is buzz, duck, odd
6812920690778391868 is buzz, duck, even
6812920690778391869 is duck, odd
6812920690778391870 is duck, even
6812920690778391871 is duck, odd
6812920690778391872 is duck, even
6812920690778391873 is duck, odd
6812920690778391874 is duck, even
6812920690778391875 is buzz, duck, odd
6812920690778391876 is duck, even

Enter a request: > 0

?[1;31m
Start test 21?[0m
Welcome to Amazing Numbers!

Supported requests:
- enter a natural number to know its properties;
- enter two natural numbers to obtain the properties of the list:
  * the first parameter represents a starting number;
  * the second parameters show how many consecutive numbers are to be processed;
- two natural numbers and two properties to search for;
- separate the parameters with one space;
- enter 0 to exit.

Enter a request: > 2469806895679586976 8
2469806895679586976 is duck, even
2469806895679586977 is buzz, duck, odd
2469806895679586978 is duck, even
2469806895679586979 is duck, odd
2469806895679586980 is duck, gapful, even
2469806895679586981 is buzz, duck, odd
2469806895679586982 is duck, even
2469806895679586983 is duck, odd

Enter a request: > 0

?[1;31m
Start test 22?[0m
Welcome to Amazing Numbers!

Supported requests:
- enter a natural number to know its properties;
- enter two natural numbers to obtain the properties of the list:
  * the first parameter represents a starting number;
  * the second parameters show how many consecutive numbers are to be processed;
- two natural numbers and two properties to search for;
- separate the parameters with one space;
- enter 0 to exit.

Enter a request: > 6100130116825724180 14
6100130116825724180 is duck, even
6100130116825724181 is duck, odd
6100130116825724182 is buzz, duck, even
6100130116825724183 is duck, odd
6100130116825724184 is duck, even
6100130116825724185 is duck, odd
6100130116825724186 is duck, even
6100130116825724187 is buzz, duck, odd
6100130116825724188 is duck, even
6100130116825724189 is buzz, duck, odd
6100130116825724190 is duck, even
6100130116825724191 is duck, odd
6100130116825724192 is duck, even
6100130116825724193 is duck, odd

Enter a request: > 0

?[1;31m
Start test 23?[0m
Welcome to Amazing Numbers!

Supported requests:
- enter a natural number to know its properties;
- enter two natural numbers to obtain the properties of the list:
  * the first parameter represents a starting number;
  * the second parameters show how many consecutive numbers are to be processed;
- two natural numbers and two properties to search for;
- separate the parameters with one space;
- enter 0 to exit.

Enter a request: > 8869262868837871691 9
8869262868837871691 is odd
8869262868837871692 is even
8869262868837871693 is odd
8869262868837871694 is even
8869262868837871695 is odd
8869262868837871696 is buzz, even
8869262868837871697 is buzz, odd
8869262868837871698 is even
8869262868837871699 is odd

Enter a request: > 0

?[1;31m
Start test 24?[0m
Welcome to Amazing Numbers!

Supported requests:
- enter a natural number to know its properties;
- enter two natural numbers to obtain the properties of the list:
  * the first parameter represents a starting number;
  * the second parameters show how many consecutive numbers are to be processed;
- two natural numbers and two properties to search for;
- separate the parameters with one space;
- enter 0 to exit.

Enter a request: > 1175152259693440884 19
1175152259693440884 is duck, even
1175152259693440885 is duck, odd
1175152259693440886 is duck, even
1175152259693440887 is buzz, duck, odd
1175152259693440888 is duck, even
1175152259693440889 is buzz, duck, gapful, odd
1175152259693440890 is duck, gapful, even
1175152259693440891 is duck, odd
1175152259693440892 is duck, even
1175152259693440893 is duck, odd
1175152259693440894 is duck, even
1175152259693440895 is duck, odd
1175152259693440896 is buzz, duck, gapful, even
1175152259693440897 is buzz, duck, odd
1175152259693440898 is duck, even
1175152259693440899 is duck, odd
1175152259693440900 is duck, gapful, even
1175152259693440901 is duck, odd
1175152259693440902 is duck, even

Enter a request: > 0

?[1;31m
Start test 25?[0m
Welcome to Amazing Numbers!

Supported requests:
- enter a natural number to know its properties;
- enter two natural numbers to obtain the properties of the list:
  * the first parameter represents a starting number;
  * the second parameters show how many consecutive numbers are to be processed;
- two natural numbers and two properties to search for;
- separate the parameters with one space;
- enter 0 to exit.

Enter a request: > 3842822074931809692 16
3842822074931809692 is duck, even
3842822074931809693 is duck, odd
3842822074931809694 is duck, gapful, even
3842822074931809695 is duck, odd
3842822074931809696 is duck, even
3842822074931809697 is buzz, duck, odd
3842822074931809698 is duck, even
3842822074931809699 is duck, odd
3842822074931809700 is duck, even
3842822074931809701 is duck, odd
3842822074931809702 is duck, even
3842822074931809703 is duck, odd
3842822074931809704 is buzz, duck, even
3842822074931809705 is duck, odd
3842822074931809706 is duck, even
3842822074931809707 is buzz, duck, odd

Enter a request: > 0

?[1;31m
Start test 26?[0m
Welcome to Amazing Numbers!

Supported requests:
- enter a natural number to know its properties;
- enter two natural numbers to obtain the properties of the list:
  * the first parameter represents a starting number;
  * the second parameters show how many consecutive numbers are to be processed;
- two natural numbers and two properties to search for;
- separate the parameters with one space;
- enter 0 to exit.

Enter a request: > 2472151283473493546 8
2472151283473493546 is even
2472151283473493547 is buzz, odd
2472151283473493548 is even
2472151283473493549 is odd
2472151283473493550 is duck, even
2472151283473493551 is odd
2472151283473493552 is buzz, even
2472151283473493553 is odd

Enter a request: > 0

?[1;31m
Start test 27?[0m
Welcome to Amazing Numbers!

Supported requests:
- enter a natural number to know its properties;
- enter two natural numbers to obtain the properties of the list:
  * the first parameter represents a starting number;
  * the second parameters show how many consecutive numbers are to be processed;
- two natural numbers and two properties to search for;
- separate the parameters with one space;
- enter 0 to exit.

Enter a request: > 845416712700815913 11
845416712700815913 is buzz, duck, odd
845416712700815914 is duck, even
845416712700815915 is duck, odd
845416712700815916 is duck, even
845416712700815917 is buzz, duck, odd
845416712700815918 is duck, even
845416712700815919 is duck, odd
845416712700815920 is buzz, duck, gapful, even
845416712700815921 is duck, odd
845416712700815922 is duck, even
845416712700815923 is duck, odd

Enter a request: > 0

?[1;31m
Start test 28?[0m
Welcome to Amazing Numbers!

Supported requests:
- enter a natural number to know its properties;
- enter two natural numbers to obtain the properties of the list:
  * the first parameter represents a starting number;
  * the second parameters show how many consecutive numbers are to be processed;
- two natural numbers and two properties to search for;
- separate the parameters with one space;
- enter 0 to exit.

Enter a request: > 6188193272780070829 1
6188193272780070829 is duck, odd

Enter a request: > 0

?[1;31m
Start test 29?[0m
Welcome to Amazing Numbers!

Supported requests:
- enter a natural number to know its properties;
- enter two natural numbers to obtain the properties of the list:
  * the first parameter represents a starting number;
  * the second parameters show how many consecutive numbers are to be processed;
- two natural numbers and two properties to search for;
- separate the parameters with one space;
- enter 0 to exit.

Enter a request: > 1 10 May
The property [MAY] is wrong.
Available properties: [BUZZ, DUCK, PALINDROMIC, GAPFUL, SPY, EVEN, ODD, SQUARE, SUNNY]

Enter a request: > 0

?[1;31m
Start test 30?[0m
Welcome to Amazing Numbers!

Supported requests:
- enter a natural number to know its properties;
- enter two natural numbers to obtain the properties of the list:
  * the first parameter represents a starting number;
  * the second parameters show how many consecutive numbers are to be processed;
- two natural numbers and two properties to search for;
- separate the parameters with one space;
- enter 0 to exit.

Enter a request: > 40 2 bay
The property [BAY] is wrong.
Available properties: [BUZZ, DUCK, PALINDROMIC, GAPFUL, SPY, EVEN, ODD, SQUARE, SUNNY]

Enter a request: > 0

?[1;31m
Start test 31?[0m
Welcome to Amazing Numbers!

Supported requests:
- enter a natural number to know its properties;
- enter two natural numbers to obtain the properties of the list:
  * the first parameter represents a starting number;
  * the second parameters show how many consecutive numbers are to be processed;
- two natural numbers and two properties to search for;
- separate the parameters with one space;
- enter 0 to exit.

Enter a request: > 37 4 8
The property [8] is wrong.
Available properties: [BUZZ, DUCK, PALINDROMIC, GAPFUL, SPY, EVEN, ODD, SQUARE, SUNNY]

Enter a request: > 0

?[1;31m
Start test 32?[0m
Welcome to Amazing Numbers!

Supported requests:
- enter a natural number to know its properties;
- enter two natural numbers to obtain the properties of the list:
  * the first parameter represents a starting number;
  * the second parameters show how many consecutive numbers are to be processed;
- two natural numbers and two properties to search for;
- separate the parameters with one space;
- enter 0 to exit.

Enter a request: > 67 2 day
The property [DAY] is wrong.
Available properties: [BUZZ, DUCK, PALINDROMIC, GAPFUL, SPY, EVEN, ODD, SQUARE, SUNNY]

Enter a request: > 0

?[1;31m
Start test 33?[0m
Welcome to Amazing Numbers!

Supported requests:
- enter a natural number to know its properties;
- enter two natural numbers to obtain the properties of the list:
  * the first parameter represents a starting number;
  * the second parameters show how many consecutive numbers are to be processed;
- two natural numbers and two properties to search for;
- separate the parameters with one space;
- enter 0 to exit.

Enter a request: > 2 54 Prime
The property [PRIME] is wrong.
Available properties: [BUZZ, DUCK, PALINDROMIC, GAPFUL, SPY, EVEN, ODD, SQUARE, SUNNY]

Enter a request: > 0

?[1;31m
Start test 34?[0m
Welcome to Amazing Numbers!

Supported requests:
- enter a natural number to know its properties;
- enter two natural numbers to obtain the properties of the list:
  * the first parameter represents a starting number;
  * the second parameters show how many consecutive numbers are to be processed;
- two natural numbers and two properties to search for;
- separate the parameters with one space;
- enter 0 to exit.

Enter a request: > 6 8 ...
The property [...] is wrong.
Available properties: [BUZZ, DUCK, PALINDROMIC, GAPFUL, SPY, EVEN, ODD, SQUARE, SUNNY]

Enter a request: > 0

?[1;31m
Start test 35?[0m
Welcome to Amazing Numbers!

Supported requests:
- enter a natural number to know its properties;
- enter two natural numbers to obtain the properties of the list:
  * the first parameter represents a starting number;
  * the second parameters show how many consecutive numbers are to be processed;
- two natural numbers and two properties to search for;
- separate the parameters with one space;
- enter 0 to exit.

Enter a request: > 5 9 none
The property [NONE] is wrong.
Available properties: [BUZZ, DUCK, PALINDROMIC, GAPFUL, SPY, EVEN, ODD, SQUARE, SUNNY]

Enter a request: > 0

?[1;31m
Start test 36?[0m
Welcome to Amazing Numbers!

Supported requests:
- enter a natural number to know its properties;
- enter two natural numbers to obtain the properties of the list:
  * the first parameter represents a starting number;
  * the second parameters show how many consecutive numbers are to be processed;
- two natural numbers and two properties to search for;
- separate the parameters with one space;
- enter 0 to exit.

Enter a request: > 1 10 BUZZ
7 is buzz, odd, palindromic, spy
14 is buzz, even
17 is buzz, odd
21 is buzz, odd
27 is buzz, odd
28 is buzz, even
35 is buzz, odd, sunny
37 is buzz, odd
42 is buzz, even
47 is buzz, odd

Enter a request: > 1 10 DUCK
10 is duck, even
20 is duck, even
30 is duck, even
40 is duck, even
50 is duck, even
60 is duck, even
70 is buzz, duck, even
80 is duck, even, sunny
90 is duck, even
100 is duck, gapful, even, square

Enter a request: > 1 10 PALINDROMIC
1 is odd, square, palindromic, spy
2 is even, palindromic, spy
3 is odd, sunny, palindromic, spy
4 is even, square, palindromic, spy
5 is odd, palindromic, spy
6 is even, palindromic, spy
7 is buzz, odd, palindromic, spy
8 is even, sunny, palindromic, spy
9 is odd, square, palindromic, spy
11 is odd, palindromic

Enter a request: > 1 10 GAPFUL
100 is duck, gapful, even, square
105 is buzz, duck, gapful, odd
108 is duck, gapful, even
110 is duck, gapful, even
120 is duck, gapful, even, sunny
121 is gapful, odd, square, palindromic
130 is duck, gapful, even
132 is gapful, even, spy
135 is gapful, odd
140 is buzz, duck, gapful, even

Enter a request: > 1 10 SPY
1 is odd, square, palindromic, spy
2 is even, palindromic, spy
3 is odd, sunny, palindromic, spy
4 is even, square, palindromic, spy
5 is odd, palindromic, spy
6 is even, palindromic, spy
7 is buzz, odd, palindromic, spy
8 is even, sunny, palindromic, spy
9 is odd, square, palindromic, spy
22 is even, palindromic, spy

Enter a request: > 1 10 SQUARE
1 is odd, square, palindromic, spy
4 is even, square, palindromic, spy
9 is odd, square, palindromic, spy
16 is even, square
25 is odd, square
36 is even, square
49 is buzz, odd, square
64 is even, square
81 is odd, square
100 is duck, gapful, even, square

Enter a request: > 1 10 SUNNY
3 is odd, sunny, palindromic, spy
8 is even, sunny, palindromic, spy
15 is odd, sunny
24 is even, sunny
35 is buzz, odd, sunny
48 is even, sunny
63 is buzz, odd, sunny
80 is duck, even, sunny
99 is odd, sunny, palindromic
120 is duck, gapful, even, sunny

Enter a request: > 1 10 EVEN
2 is even, palindromic, spy
4 is even, square, palindromic, spy
6 is even, palindromic, spy
8 is even, sunny, palindromic, spy
10 is duck, even
12 is even
14 is buzz, even
16 is even, square
18 is even
20 is duck, even

Enter a request: > 1 10 ODD
1 is odd, square, palindromic, spy
3 is odd, sunny, palindromic, spy
5 is odd, palindromic, spy
7 is buzz, odd, palindromic, spy
9 is odd, square, palindromic, spy
11 is odd, palindromic
13 is odd
15 is odd, sunny
17 is buzz, odd
19 is odd

Enter a request: > 0

?[1;31m
Start test 37?[0m
Welcome to Amazing Numbers!

Supported requests:
- enter a natural number to know its properties;
- enter two natural numbers to obtain the properties of the list:
  * the first parameter represents a starting number;
  * the second parameters show how many consecutive numbers are to be processed;
- two natural numbers and two properties to search for;
- separate the parameters with one space;
- enter 0 to exit.

Enter a request: > 11680 6 ODD
11681 is odd
11683 is buzz, odd
11685 is gapful, odd
11687 is buzz, odd
11689 is odd
11691 is odd

Enter a request: > 0

?[1;31m
Start test 38?[0m
Welcome to Amazing Numbers!

Supported requests:
- enter a natural number to know its properties;
- enter two natural numbers to obtain the properties of the list:
  * the first parameter represents a starting number;
  * the second parameters show how many consecutive numbers are to be processed;
- two natural numbers and two properties to search for;
- separate the parameters with one space;
- enter 0 to exit.

Enter a request: > 1368 5 BUZZ
1372 is buzz, even
1377 is buzz, gapful, odd
1379 is buzz, odd
1386 is buzz, even
1387 is buzz, odd

Enter a request: > 0

?[1;31m
Start test 39?[0m
Welcome to Amazing Numbers!

Supported requests:
- enter a natural number to know its properties;
- enter two natural numbers to obtain the properties of the list:
  * the first parameter represents a starting number;
  * the second parameters show how many consecutive numbers are to be processed;
- two natural numbers and two properties to search for;
- separate the parameters with one space;
- enter 0 to exit.

Enter a request: > 1085 13 ODD
1085 is buzz, duck, odd
1087 is buzz, duck, odd
1089 is duck, odd, square
1091 is duck, odd
1093 is duck, odd
1095 is duck, gapful, odd
1097 is buzz, duck, odd
1099 is buzz, duck, odd
1101 is duck, odd
1103 is duck, odd
1105 is duck, odd
1107 is buzz, duck, odd
1109 is duck, odd

Enter a request: > 0

?[1;31m
Start test 40?[0m
Welcome to Amazing Numbers!

Supported requests:
- enter a natural number to know its properties;
- enter two natural numbers to obtain the properties of the list:
  * the first parameter represents a starting number;
  * the second parameters show how many consecutive numbers are to be processed;
- two natural numbers and two properties to search for;
- separate the parameters with one space;
- enter 0 to exit.

Enter a request: > 26630 16 DUCK
26630 is duck, even
26640 is duck, gapful, even
26650 is duck, even
26660 is duck, gapful, even
26670 is buzz, duck, even
26680 is duck, gapful, even
26690 is duck, even
26700 is duck, gapful, even
26701 is duck, odd
26702 is duck, even
26703 is duck, gapful, odd
26704 is duck, even
26705 is buzz, duck, odd
26706 is duck, even
26707 is buzz, duck, odd
26708 is duck, even

Enter a request: > 0

?[1;31m
Start test 41?[0m
Welcome to Amazing Numbers!

Supported requests:
- enter a natural number to know its properties;
- enter two natural numbers to obtain the properties of the list:
  * the first parameter represents a starting number;
  * the second parameters show how many consecutive numbers are to be processed;
- two natural numbers and two properties to search for;
- separate the parameters with one space;
- enter 0 to exit.

Enter a request: > 10131 11 DUCK
10131 is duck, gapful, odd
10132 is duck, even
10133 is duck, odd
10134 is duck, even
10135 is duck, odd
10136 is buzz, duck, even
10137 is buzz, duck, odd
10138 is duck, even
10139 is duck, odd
10140 is duck, gapful, even
10141 is duck, odd

Enter a request: > 0

?[1;31m
Start test 42?[0m
Welcome to Amazing Numbers!

Supported requests:
- enter a natural number to know its properties;
- enter two natural numbers to obtain the properties of the list:
  * the first parameter represents a starting number;
  * the second parameters show how many consecutive numbers are to be processed;
- two natural numbers and two properties to search for;
- separate the parameters with one space;
- enter 0 to exit.

Enter a request: > 13968 7 EVEN
13968 is gapful, even
13970 is duck, gapful, even
13972 is buzz, even
13974 is even
13976 is even
13978 is even
13980 is duck, gapful, even

Enter a request: > 0

?[1;31m
Start test 43?[0m
Welcome to Amazing Numbers!

Supported requests:
- enter a natural number to know its properties;
- enter two natural numbers to obtain the properties of the list:
  * the first parameter represents a starting number;
  * the second parameters show how many consecutive numbers are to be processed;
- two natural numbers and two properties to search for;
- separate the parameters with one space;
- enter 0 to exit.

Enter a request: > 22554 8 GAPFUL
22560 is duck, gapful, even
22563 is gapful, odd
22568 is buzz, gapful, even
22572 is gapful, even
22575 is buzz, gapful, odd
22580 is duck, gapful, even
22584 is gapful, even
22600 is duck, gapful, even

Enter a request: > 0

?[1;31m
Start test 44?[0m
Welcome to Amazing Numbers!

Supported requests:
- enter a natural number to know its properties;
- enter two natural numbers to obtain the properties of the list:
  * the first parameter represents a starting number;
  * the second parameters show how many consecutive numbers are to be processed;
- two natural numbers and two properties to search for;
- separate the parameters with one space;
- enter 0 to exit.

Enter a request: > 5601 9 EVEN
5602 is duck, even
5604 is duck, even
5606 is duck, even
5608 is duck, even
5610 is duck, even
5612 is even
5614 is buzz, even
5616 is even
5618 is even

Enter a request: > 0

?[1;31m
Start test 45?[0m
Welcome to Amazing Numbers!

Supported requests:
- enter a natural number to know its properties;
- enter two natural numbers to obtain the properties of the list:
  * the first parameter represents a starting number;
  * the second parameters show how many consecutive numbers are to be processed;
- two natural numbers and two properties to search for;
- separate the parameters with one space;
- enter 0 to exit.

Enter a request: > 13137 8 BUZZ
13137 is buzz, odd
13139 is buzz, odd
13146 is buzz, even
13147 is buzz, odd
13153 is buzz, odd
13157 is buzz, odd
13160 is buzz, duck, gapful, even
13167 is buzz, odd

Enter a request: > 0

?[1;31m
Start test 46?[0m
Welcome to Amazing Numbers!

Supported requests:
- enter a natural number to know its properties;
- enter two natural numbers to obtain the properties of the list:
  * the first parameter represents a starting number;
  * the second parameters show how many consecutive numbers are to be processed;
- two natural numbers and two properties to search for;
- separate the parameters with one space;
- enter 0 to exit.

Enter a request: > 8206 4 ODD
8207 is buzz, duck, odd
8209 is duck, odd
8211 is buzz, odd
8213 is odd

Enter a request: > 0

?[1;31m
Start test 47?[0m
Welcome to Amazing Numbers!

Supported requests:
- enter a natural number to know its properties;
- enter two natural numbers to obtain the properties of the list:
  * the first parameter represents a starting number;
  * the second parameters show how many consecutive numbers are to be processed;
- two natural numbers and two properties to search for;
- separate the parameters with one space;
- enter 0 to exit.

Enter a request: > 1 10 odd girl
The property [GIRL] is wrong.
Available properties: [BUZZ, DUCK, PALINDROMIC, GAPFUL, SPY, EVEN, ODD, SQUARE, SUNNY]

Enter a request: > 0

?[1;31m
Start test 48?[0m
Welcome to Amazing Numbers!

Supported requests:
- enter a natural number to know its properties;
- enter two natural numbers to obtain the properties of the list:
  * the first parameter represents a starting number;
  * the second parameters show how many consecutive numbers are to be processed;
- two natural numbers and two properties to search for;
- separate the parameters with one space;
- enter 0 to exit.

Enter a request: > 40 2 even day
The property [DAY] is wrong.
Available properties: [BUZZ, DUCK, PALINDROMIC, GAPFUL, SPY, EVEN, ODD, SQUARE, SUNNY]

Enter a request: > 0

?[1;31m
Start test 49?[0m
Welcome to Amazing Numbers!

Supported requests:
- enter a natural number to know its properties;
- enter two natural numbers to obtain the properties of the list:
  * the first parameter represents a starting number;
  * the second parameters show how many consecutive numbers are to be processed;
- two natural numbers and two properties to search for;
- separate the parameters with one space;
- enter 0 to exit.

Enter a request: > 37 4 spy 89
The property [89] is wrong.
Available properties: [BUZZ, DUCK, PALINDROMIC, GAPFUL, SPY, EVEN, ODD, SQUARE, SUNNY]

Enter a request: > 0

?[1;31m
Start test 50?[0m
Welcome to Amazing Numbers!

Supported requests:
- enter a natural number to know its properties;
- enter two natural numbers to obtain the properties of the list:
  * the first parameter represents a starting number;
  * the second parameters show how many consecutive numbers are to be processed;
- two natural numbers and two properties to search for;
- separate the parameters with one space;
- enter 0 to exit.

Enter a request: > 67 2 DUCK +
The property [+] is wrong.
Available properties: [BUZZ, DUCK, PALINDROMIC, GAPFUL, SPY, EVEN, ODD, SQUARE, SUNNY]

Enter a request: > 0

?[1;31m
Start test 51?[0m
Welcome to Amazing Numbers!

Supported requests:
- enter a natural number to know its properties;
- enter two natural numbers to obtain the properties of the list:
  * the first parameter represents a starting number;
  * the second parameters show how many consecutive numbers are to be processed;
- two natural numbers and two properties to search for;
- separate the parameters with one space;
- enter 0 to exit.

Enter a request: > 1 10 boy friend
The properties [BOY, FRIEND] are wrong.
Available properties: [BUZZ, DUCK, PALINDROMIC, GAPFUL, SPY, EVEN, ODD, SQUARE, SUNNY]

Enter a request: > 0

?[1;31m
Start test 52?[0m
Welcome to Amazing Numbers!

Supported requests:
- enter a natural number to know its properties;
- enter two natural numbers to obtain the properties of the list:
  * the first parameter represents a starting number;
  * the second parameters show how many consecutive numbers are to be processed;
- two natural numbers and two properties to search for;
- separate the parameters with one space;
- enter 0 to exit.

Enter a request: > 40 2 long day
The properties [LONG, DAY] are wrong.
Available properties: [BUZZ, DUCK, PALINDROMIC, GAPFUL, SPY, EVEN, ODD, SQUARE, SUNNY]

Enter a request: > 0

?[1;31m
Start test 53?[0m
Welcome to Amazing Numbers!

Supported requests:
- enter a natural number to know its properties;
- enter two natural numbers to obtain the properties of the list:
  * the first parameter represents a starting number;
  * the second parameters show how many consecutive numbers are to be processed;
- two natural numbers and two properties to search for;
- separate the parameters with one space;
- enter 0 to exit.

Enter a request: > 37 4 hot girl
The properties [HOT, GIRL] are wrong.
Available properties: [BUZZ, DUCK, PALINDROMIC, GAPFUL, SPY, EVEN, ODD, SQUARE, SUNNY]

Enter a request: > 0

?[1;31m
Start test 54?[0m
Welcome to Amazing Numbers!

Supported requests:
- enter a natural number to know its properties;
- enter two natural numbers to obtain the properties of the list:
  * the first parameter represents a starting number;
  * the second parameters show how many consecutive numbers are to be processed;
- two natural numbers and two properties to search for;
- separate the parameters with one space;
- enter 0 to exit.

Enter a request: > 67 2 strong drake
The properties [STRONG, DRAKE] are wrong.
Available properties: [BUZZ, DUCK, PALINDROMIC, GAPFUL, SPY, EVEN, ODD, SQUARE, SUNNY]

Enter a request: > 0

?[1;31m
Start test 55?[0m
Welcome to Amazing Numbers!

Supported requests:
- enter a natural number to know its properties;
- enter two natural numbers to obtain the properties of the list:
  * the first parameter represents a starting number;
  * the second parameters show how many consecutive numbers are to be processed;
- two natural numbers and two properties to search for;
- separate the parameters with one space;
- enter 0 to exit.

Enter a request: > 1 7 spy palindromic
1 is odd, square, palindromic, spy
2 is even, palindromic, spy
3 is odd, sunny, palindromic, spy
4 is even, square, palindromic, spy
5 is odd, palindromic, spy
6 is even, palindromic, spy
7 is buzz, odd, palindromic, spy

Enter a request: > 0

?[1;31m
Start test 56?[0m
Welcome to Amazing Numbers!

Supported requests:
- enter a natural number to know its properties;
- enter two natural numbers to obtain the properties of the list:
  * the first parameter represents a starting number;
  * the second parameters show how many consecutive numbers are to be processed;
- two natural numbers and two properties to search for;
- separate the parameters with one space;
- enter 0 to exit.

Enter a request: > 1 10 palindromic buzz
7 is buzz, odd, palindromic, spy
77 is buzz, odd, palindromic
161 is buzz, odd, palindromic
252 is buzz, even, palindromic
343 is buzz, odd, palindromic
434 is buzz, even, palindromic
525 is buzz, odd, palindromic
595 is buzz, odd, palindromic
616 is buzz, even, palindromic
686 is buzz, even, palindromic

Enter a request: > 0

?[1;31m
Start test 57?[0m
Welcome to Amazing Numbers!

Supported requests:
- enter a natural number to know its properties;
- enter two natural numbers to obtain the properties of the list:
  * the first parameter represents a starting number;
  * the second parameters show how many consecutive numbers are to be processed;
- two natural numbers and two properties to search for;
- separate the parameters with one space;
- enter 0 to exit.

Enter a request: > 1 9 even palindromic
2 is even, palindromic, spy
4 is even, square, palindromic, spy
6 is even, palindromic, spy
8 is even, sunny, palindromic, spy
22 is even, palindromic, spy
44 is even, palindromic
66 is even, palindromic
88 is even, palindromic
202 is duck, even, palindromic

Enter a request: > 0

?[1;31m
Start test 58?[0m
Welcome to Amazing Numbers!

Supported requests:
- enter a natural number to know its properties;
- enter two natural numbers to obtain the properties of the list:
  * the first parameter represents a starting number;
  * the second parameters show how many consecutive numbers are to be processed;
- two natural numbers and two properties to search for;
- separate the parameters with one space;
- enter 0 to exit.

Enter a request: > 1 10 even sunny
8 is even, sunny, palindromic, spy
24 is even, sunny
48 is even, sunny
80 is duck, even, sunny
120 is duck, gapful, even, sunny
168 is buzz, even, sunny
224 is buzz, even, sunny
288 is even, sunny
360 is duck, gapful, even, sunny
440 is duck, gapful, even, sunny

Enter a request: > 0

?[1;31m
Start test 59?[0m
Welcome to Amazing Numbers!

Supported requests:
- enter a natural number to know its properties;
- enter two natural numbers to obtain the properties of the list:
  * the first parameter represents a starting number;
  * the second parameters show how many consecutive numbers are to be processed;
- two natural numbers and two properties to search for;
- separate the parameters with one space;
- enter 0 to exit.

Enter a request: > 100000 2 buzz gapful
100016 is buzz, duck, gapful, even
100030 is buzz, duck, gapful, even

Enter a request: > 0

?[1;31m
Start test 60?[0m
Welcome to Amazing Numbers!

Supported requests:
- enter a natural number to know its properties;
- enter two natural numbers to obtain the properties of the list:
  * the first parameter represents a starting number;
  * the second parameters show how many consecutive numbers are to be processed;
- two natural numbers and two properties to search for;
- separate the parameters with one space;
- enter 0 to exit.

Enter a request: > 100 4 odd spy
123 is odd, spy
213 is odd, spy
231 is buzz, gapful, odd, spy
321 is odd, spy

Enter a request: > 0

?[1;31m
Start test 61?[0m
Welcome to Amazing Numbers!

Supported requests:
- enter a natural number to know its properties;
- enter two natural numbers to obtain the properties of the list:
  * the first parameter represents a starting number;
  * the second parameters show how many consecutive numbers are to be processed;
- two natural numbers and two properties to search for;
- separate the parameters with one space;
- enter 0 to exit.

Enter a request: > 2000 4 palindromic duck
2002 is buzz, duck, gapful, even, palindromic
3003 is buzz, duck, gapful, odd, palindromic
4004 is buzz, duck, gapful, even, palindromic
5005 is buzz, duck, gapful, odd, palindromic

Enter a request: > 0

?[1;31m
Start test 62?[0m
Welcome to Amazing Numbers!

Supported requests:
- enter a natural number to know its properties;
- enter two natural numbers to obtain the properties of the list:
  * the first parameter represents a starting number;
  * the second parameters show how many consecutive numbers are to be processed;
- two natural numbers and two properties to search for;
- separate the parameters with one space;
- enter 0 to exit.

Enter a request: > 1 7 even spy
2 is even, palindromic, spy
4 is even, square, palindromic, spy
6 is even, palindromic, spy
8 is even, sunny, palindromic, spy
22 is even, palindromic, spy
132 is gapful, even, spy
312 is even, spy

Enter a request: > 0

?[1;31m
Start test 63?[0m
Welcome to Amazing Numbers!

Supported requests:
- enter a natural number to know its properties;
- enter two natural numbers to obtain the properties of the list:
  * the first parameter represents a starting number;
  * the second parameters show how many consecutive numbers are to be processed;
- two natural numbers and two properties to search for;
- separate the parameters with one space;
- enter 0 to exit.

Enter a request: > 1 10 odd buzz
7 is buzz, odd, palindromic, spy
17 is buzz, odd
21 is buzz, odd
27 is buzz, odd
35 is buzz, odd, sunny
37 is buzz, odd
47 is buzz, odd
49 is buzz, odd, square
57 is buzz, odd
63 is buzz, odd, sunny

Enter a request: > 0

?[1;31m
Start test 64?[0m
Welcome to Amazing Numbers!

Supported requests:
- enter a natural number to know its properties;
- enter two natural numbers to obtain the properties of the list:
  * the first parameter represents a starting number;
  * the second parameters show how many consecutive numbers are to be processed;
- two natural numbers and two properties to search for;
- separate the parameters with one space;
- enter 0 to exit.

Enter a request: > 1 9 buzz gapful
105 is buzz, duck, gapful, odd
140 is buzz, duck, gapful, even
154 is buzz, gapful, even
187 is buzz, gapful, odd
231 is buzz, gapful, odd, spy
280 is buzz, duck, gapful, even
297 is buzz, gapful, odd
315 is buzz, gapful, odd
385 is buzz, gapful, odd

Enter a request: > 0

?[1;31m
Start test 65?[0m
Welcome to Amazing Numbers!

Supported requests:
- enter a natural number to know its properties;
- enter two natural numbers to obtain the properties of the list:
  * the first parameter represents a starting number;
  * the second parameters show how many consecutive numbers are to be processed;
- two natural numbers and two properties to search for;
- separate the parameters with one space;
- enter 0 to exit.

Enter a request: > 1 10 spy buzz
7 is buzz, odd, palindromic, spy
231 is buzz, gapful, odd, spy
1421 is buzz, odd, spy
2114 is buzz, even, spy
15211 is buzz, odd, spy
21511 is buzz, odd, spy
22211 is buzz, odd, spy
31311 is buzz, odd, spy
51121 is buzz, odd, spy
111216 is buzz, gapful, even, spy

Enter a request: > 0

?[1;31m
Start test 66?[0m
Welcome to Amazing Numbers!

Supported requests:
- enter a natural number to know its properties;
- enter two natural numbers to obtain the properties of the list:
  * the first parameter represents a starting number;
  * the second parameters show how many consecutive numbers are to be processed;
- two natural numbers and two properties to search for;
- separate the parameters with one space;
- enter 0 to exit.

Enter a request: > 100000 2 even spy
111126 is even, spy
111162 is even, spy

Enter a request: > 0

?[1;31m
Start test 67?[0m
Welcome to Amazing Numbers!

Supported requests:
- enter a natural number to know its properties;
- enter two natural numbers to obtain the properties of the list:
  * the first parameter represents a starting number;
  * the second parameters show how many consecutive numbers are to be processed;
- two natural numbers and two properties to search for;
- separate the parameters with one space;
- enter 0 to exit.

Enter a request: > 100 4 odd gapful
105 is buzz, duck, gapful, odd
121 is gapful, odd, square, palindromic
135 is gapful, odd
143 is gapful, odd, sunny

Enter a request: > 0

?[1;31m
Start test 68?[0m
Welcome to Amazing Numbers!

Supported requests:
- enter a natural number to know its properties;
- enter two natural numbers to obtain the properties of the list:
  * the first parameter represents a starting number;
  * the second parameters show how many consecutive numbers are to be processed;
- two natural numbers and two properties to search for;
- separate the parameters with one space;
- enter 0 to exit.

Enter a request: > 2000 4 palindromic duck
2002 is buzz, duck, gapful, even, palindromic
3003 is buzz, duck, gapful, odd, palindromic
4004 is buzz, duck, gapful, even, palindromic
5005 is buzz, duck, gapful, odd, palindromic

Enter a request: > 0

?[1;31m
Start test 69?[0m
Welcome to Amazing Numbers!

Supported requests:
- enter a natural number to know its properties;
- enter two natural numbers to obtain the properties of the list:
  * the first parameter represents a starting number;
  * the second parameters show how many consecutive numbers are to be processed;
- two natural numbers and two properties to search for;
- separate the parameters with one space;
- enter 0 to exit.

Enter a request: > 12198 1 GAPFUL gipful
The property [GIPFUL] is wrong.
Available properties: [BUZZ, DUCK, PALINDROMIC, GAPFUL, SPY, EVEN, ODD, SQUARE, SUNNY]

Enter a request: > 0

?[1;31m
Start test 70?[0m
Welcome to Amazing Numbers!

Supported requests:
- enter a natural number to know its properties;
- enter two natural numbers to obtain the properties of the list:
  * the first parameter represents a starting number;
  * the second parameters show how many consecutive numbers are to be processed;
- two natural numbers and two properties to search for;
- separate the parameters with one space;
- enter 0 to exit.

Enter a request: > 14584 3 ~~ EVEN
The property [~~] is wrong.
Available properties: [BUZZ, DUCK, PALINDROMIC, GAPFUL, SPY, EVEN, ODD, SQUARE, SUNNY]

Enter a request: > 0

?[1;31m
Start test 71?[0m
Welcome to Amazing Numbers!

Supported requests:
- enter a natural number to know its properties;
- enter two natural numbers to obtain the properties of the list:
  * the first parameter represents a starting number;
  * the second parameters show how many consecutive numbers are to be processed;
- two natural numbers and two properties to search for;
- separate the parameters with one space;
- enter 0 to exit.

Enter a request: > 25801 6 &hj
The property [&HJ] is wrong.
Available properties: [BUZZ, DUCK, PALINDROMIC, GAPFUL, SPY, EVEN, ODD, SQUARE, SUNNY]

Enter a request: > 0

?[1;31m
Start test 72?[0m
Welcome to Amazing Numbers!

Supported requests:
- enter a natural number to know its properties;
- enter two natural numbers to obtain the properties of the list:
  * the first parameter represents a starting number;
  * the second parameters show how many consecutive numbers are to be processed;
- two natural numbers and two properties to search for;
- separate the parameters with one space;
- enter 0 to exit.

Enter a request: > 21753 14 bAY GAPFUL
The property [BAY] is wrong.
Available properties: [BUZZ, DUCK, PALINDROMIC, GAPFUL, SPY, EVEN, ODD, SQUARE, SUNNY]

Enter a request: > 0

?[1;31m
Start test 73?[0m
Welcome to Amazing Numbers!

Supported requests:
- enter a natural number to know its properties;
- enter two natural numbers to obtain the properties of the list:
  * the first parameter represents a starting number;
  * the second parameters show how many consecutive numbers are to be processed;
- two natural numbers and two properties to search for;
- separate the parameters with one space;
- enter 0 to exit.

Enter a request: > 1548 10 SQUARE ~~
The property [~~] is wrong.
Available properties: [BUZZ, DUCK, PALINDROMIC, GAPFUL, SPY, EVEN, ODD, SQUARE, SUNNY]

Enter a request: > 0

?[1;31m
Start test 74?[0m
Welcome to Amazing Numbers!

Supported requests:
- enter a natural number to know its properties;
- enter two natural numbers to obtain the properties of the list:
  * the first parameter represents a starting number;
  * the second parameters show how many consecutive numbers are to be processed;
- two natural numbers and two properties to search for;
- separate the parameters with one space;
- enter 0 to exit.

Enter a request: > 17897 7 242 SQUARE
The property [242] is wrong.
Available properties: [BUZZ, DUCK, PALINDROMIC, GAPFUL, SPY, EVEN, ODD, SQUARE, SUNNY]

Enter a request: > 0

?[1;31m
Start test 75?[0m
Welcome to Amazing Numbers!

Supported requests:
- enter a natural number to know its properties;
- enter two natural numbers to obtain the properties of the list:
  * the first parameter represents a starting number;
  * the second parameters show how many consecutive numbers are to be processed;
- two natural numbers and two properties to search for;
- separate the parameters with one space;
- enter 0 to exit.

Enter a request: > 29849 15 speck
The property [SPECK] is wrong.
Available properties: [BUZZ, DUCK, PALINDROMIC, GAPFUL, SPY, EVEN, ODD, SQUARE, SUNNY]

Enter a request: > 0

?[1;31m
Start test 76?[0m
Welcome to Amazing Numbers!

Supported requests:
- enter a natural number to know its properties;
- enter two natural numbers to obtain the properties of the list:
  * the first parameter represents a starting number;
  * the second parameters show how many consecutive numbers are to be processed;
- two natural numbers and two properties to search for;
- separate the parameters with one space;
- enter 0 to exit.

Enter a request: > 3989 13 Boy
The property [BOY] is wrong.
Available properties: [BUZZ, DUCK, PALINDROMIC, GAPFUL, SPY, EVEN, ODD, SQUARE, SUNNY]

Enter a request: > 0

?[1;31m
Start test 77?[0m
Welcome to Amazing Numbers!

Supported requests:
- enter a natural number to know its properties;
- enter two natural numbers to obtain the properties of the list:
  * the first parameter represents a starting number;
  * the second parameters show how many consecutive numbers are to be processed;
- two natural numbers and two properties to search for;
- separate the parameters with one space;
- enter 0 to exit.

Enter a request: > 8602 2 ~~ SQUARE
The property [~~] is wrong.
Available properties: [BUZZ, DUCK, PALINDROMIC, GAPFUL, SPY, EVEN, ODD, SQUARE, SUNNY]

Enter a request: > 0

?[1;31m
Start test 78?[0m
Welcome to Amazing Numbers!

Supported requests:
- enter a natural number to know its properties;
- enter two natural numbers to obtain the properties of the list:
  * the first parameter represents a starting number;
  * the second parameters show how many consecutive numbers are to be processed;
- two natural numbers and two properties to search for;
- separate the parameters with one space;
- enter 0 to exit.

Enter a request: > 26361 19 _odd_
The property [_ODD_] is wrong.
Available properties: [BUZZ, DUCK, PALINDROMIC, GAPFUL, SPY, EVEN, ODD, SQUARE, SUNNY]

Enter a request: > 0

?[1;31m
Start test 79?[0m
Welcome to Amazing Numbers!

Supported requests:
- enter a natural number to know its properties;
- enter two natural numbers to obtain the properties of the list:
  * the first parameter represents a starting number;
  * the second parameters show how many consecutive numbers are to be processed;
- two natural numbers and two properties to search for;
- separate the parameters with one space;
- enter 0 to exit.

Enter a request: > 5 1 odd even
The request contains mutually exclusive properties: [ODD, EVEN]
There are no numbers with these properties.

Enter a request: > 0

?[1;31m
Start test 80?[0m
Welcome to Amazing Numbers!

Supported requests:
- enter a natural number to know its properties;
- enter two natural numbers to obtain the properties of the list:
  * the first parameter represents a starting number;
  * the second parameters show how many consecutive numbers are to be processed;
- two natural numbers and two properties to search for;
- separate the parameters with one space;
- enter 0 to exit.

Enter a request: > 4 3 even odd
The request contains mutually exclusive properties: [EVEN, ODD]
There are no numbers with these properties.

Enter a request: > 0

?[1;31m
Start test 81?[0m
Welcome to Amazing Numbers!

Supported requests:
- enter a natural number to know its properties;
- enter two natural numbers to obtain the properties of the list:
  * the first parameter represents a starting number;
  * the second parameters show how many consecutive numbers are to be processed;
- two natural numbers and two properties to search for;
- separate the parameters with one space;
- enter 0 to exit.

Enter a request: > 32 2 sunny square
The request contains mutually exclusive properties: [SUNNY, SQUARE]
There are no numbers with these properties.

Enter a request: > 0

?[1;31m
Start test 82?[0m
Welcome to Amazing Numbers!

Supported requests:
- enter a natural number to know its properties;
- enter two natural numbers to obtain the properties of the list:
  * the first parameter represents a starting number;
  * the second parameters show how many consecutive numbers are to be processed;
- two natural numbers and two properties to search for;
- separate the parameters with one space;
- enter 0 to exit.

Enter a request: > 2341 4 square sunny
The request contains mutually exclusive properties: [SQUARE, SUNNY]
There are no numbers with these properties.

Enter a request: > 0

?[1;31m
Start test 83?[0m
Welcome to Amazing Numbers!

Supported requests:
- enter a natural number to know its properties;
- enter two natural numbers to obtain the properties of the list:
  * the first parameter represents a starting number;
  * the second parameters show how many consecutive numbers are to be processed;
- two natural numbers and two properties to search for;
- separate the parameters with one space;
- enter 0 to exit.

Enter a request: > 3153 2 spy duck
The request contains mutually exclusive properties: [SPY, DUCK]
There are no numbers with these properties.

Enter a request: > 0

?[1;31m
Start test 84?[0m
Welcome to Amazing Numbers!

Supported requests:
- enter a natural number to know its properties;
- enter two natural numbers to obtain the properties of the list:
  * the first parameter represents a starting number;
  * the second parameters show how many consecutive numbers are to be processed;
- two natural numbers and two properties to search for;
- separate the parameters with one space;
- enter 0 to exit.

Enter a request: > 6 7 duck spy
The request contains mutually exclusive properties: [DUCK, SPY]
There are no numbers with these properties.

Enter a request: > 0

]]></system-out>
  <system-err><![CDATA[]]></system-err>
</testsuite>
